<?xml version="1.0" encoding="UTF-8" standalone="no"?>
<!DOCTYPE log SYSTEM "logger.dtd">
<log>
<record>
  <date>2020-03-30T17:05:10.834823Z</date>
  <millis>1585587910834</millis>
  <nanos>823000</nanos>
  <sequence>0</sequence>
  <logger>Computador4321</logger>
  <level>INFO</level>
  <class>Computador</class>
  <method>agregarPais</method>
  <thread>1</thread>
  <message>agregando pais colombia</message>
</record>
<record>
  <date>2020-03-30T17:05:11.134227Z</date>
  <millis>1585587911134</millis>
  <nanos>227000</nanos>
  <sequence>1</sequence>
  <logger>Computador4321</logger>
  <level>INFO</level>
  <class>Computador</class>
  <method>imprimir</method>
  <thread>1</thread>
  <message>4321 -&gt; colombia : 2000,  ( total : 2000 )</message>
</record>
<record>
  <date>2020-03-30T17:05:11.381960Z</date>
  <millis>1585587911381</millis>
  <nanos>960000</nanos>
  <sequence>6</sequence>
  <logger>Computador4321</logger>
  <level>INFO</level>
  <class>Computador</class>
  <method>respond</method>
  <thread>19</thread>
  <message>mensaje entrante: 5:oiga su peso</message>
</record>
<record>
  <date>2020-03-30T17:05:12.442862Z</date>
  <millis>1585587912442</millis>
  <nanos>862000</nanos>
  <sequence>10</sequence>
  <logger>Computador4321</logger>
  <level>INFO</level>
  <class>Computador</class>
  <method>respond</method>
  <thread>19</thread>
  <message>mensaje entrante: 4:PaisEnvio@4e73dbfb</message>
</record>
<record>
  <date>2020-03-30T17:05:12.457679Z</date>
  <millis>1585587912457</millis>
  <nanos>679000</nanos>
  <sequence>11</sequence>
  <logger>Computador4321</logger>
  <level>INFO</level>
  <class>Computador</class>
  <method>imprimir</method>
  <thread>19</thread>
  <message>4321 -&gt; colombia : 2000, chile : 3000,  ( total : 5000 )</message>
</record>
<record>
  <date>2020-03-30T17:05:12.467662Z</date>
  <millis>1585587912467</millis>
  <nanos>662000</nanos>
  <sequence>12</sequence>
  <logger>Computador4321</logger>
  <level>INFO</level>
  <class>Computador</class>
  <method>respond</method>
  <thread>19</thread>
  <message>mensaje entrante: 5:oiga su peso</message>
</record>
<record>
  <date>2020-03-30T17:05:14.195608Z</date>
  <millis>1585587914195</millis>
  <nanos>608000</nanos>
  <sequence>20</sequence>
  <logger>Computador4321</logger>
  <level>INFO</level>
  <class>Computador</class>
  <method>respond</method>
  <thread>19</thread>
  <message>mensaje entrante: 7:Viajero@3e3ac222</message>
</record>
<record>
  <date>2020-03-30T17:05:14.208093Z</date>
  <millis>1585587914208</millis>
  <nanos>93000</nanos>
  <sequence>21</sequence>
  <logger>Computador4321</logger>
  <level>INFO</level>
  <class>Computador</class>
  <method>respond</method>
  <thread>19</thread>
  <message>mensaje entrante: 7:Viajero@6946d770</message>
</record>
<record>
  <date>2020-03-30T17:05:15.210403Z</date>
  <millis>1585587915210</millis>
  <nanos>403000</nanos>
  <sequence>28</sequence>
  <logger>Computador4321</logger>
  <level>INFO</level>
  <class>Computador</class>
  <method>respond</method>
  <thread>19</thread>
  <message>mensaje entrante: 7:Viajero@10523a8</message>
</record>
<record>
  <date>2020-03-30T17:05:16.219062Z</date>
  <millis>1585587916219</millis>
  <nanos>62000</nanos>
  <sequence>38</sequence>
  <logger>Computador4321</logger>
  <level>INFO</level>
  <class>Computador</class>
  <method>respond</method>
  <thread>19</thread>
  <message>mensaje entrante: 7:Viajero@17da4504</message>
</record>
<record>
  <date>2020-03-30T17:05:16.227438Z</date>
  <millis>1585587916227</millis>
  <nanos>438000</nanos>
  <sequence>39</sequence>
  <logger>Computador4321</logger>
  <level>INFO</level>
  <class>Computador</class>
  <method>respond</method>
  <thread>19</thread>
  <message>mensaje entrante: 7:Viajero@52a7fd54</message>
</record>
<record>
  <date>2020-03-30T17:05:19.243834Z</date>
  <millis>1585587919243</millis>
  <nanos>834000</nanos>
  <sequence>50</sequence>
  <logger>Computador4321</logger>
  <level>INFO</level>
  <class>Computador</class>
  <method>respond</method>
  <thread>19</thread>
  <message>mensaje entrante: 7:Viajero@d055d27</message>
</record>
<record>
  <date>2020-03-30T17:05:20.256548Z</date>
  <millis>1585587920256</millis>
  <nanos>548000</nanos>
  <sequence>54</sequence>
  <logger>Computador4321</logger>
  <level>INFO</level>
  <class>Computador</class>
  <method>respond</method>
  <thread>19</thread>
  <message>mensaje entrante: 7:Viajero@2535274c</message>
</record>
<record>
  <date>2020-03-30T17:05:21.265551Z</date>
  <millis>1585587921265</millis>
  <nanos>551000</nanos>
  <sequence>62</sequence>
  <logger>Computador4321</logger>
  <level>INFO</level>
  <class>Computador</class>
  <method>respond</method>
  <thread>19</thread>
  <message>mensaje entrante: 7:Viajero@6002b48b</message>
</record>
<record>
  <date>2020-03-30T17:05:21.272904Z</date>
  <millis>1585587921272</millis>
  <nanos>904000</nanos>
  <sequence>63</sequence>
  <logger>Computador4321</logger>
  <level>INFO</level>
  <class>Computador</class>
  <method>respond</method>
  <thread>19</thread>
  <message>mensaje entrante: 7:Viajero@d22b882</message>
</record>
<record>
  <date>2020-03-30T17:05:23.286140Z</date>
  <millis>1585587923286</millis>
  <nanos>140000</nanos>
  <sequence>75</sequence>
  <logger>Computador4321</logger>
  <level>INFO</level>
  <class>Computador</class>
  <method>respond</method>
  <thread>19</thread>
  <message>mensaje entrante: 7:Viajero@2ae92064</message>
</record>
<record>
  <date>2020-03-30T17:05:23.293884Z</date>
  <millis>1585587923293</millis>
  <nanos>884000</nanos>
  <sequence>76</sequence>
  <logger>Computador4321</logger>
  <level>INFO</level>
  <class>Computador</class>
  <method>respond</method>
  <thread>19</thread>
  <message>mensaje entrante: 7:Viajero@266a7d32</message>
</record>
<record>
  <date>2020-03-30T17:05:24.306748Z</date>
  <millis>1585587924306</millis>
  <nanos>748000</nanos>
  <sequence>81</sequence>
  <logger>Computador4321</logger>
  <level>INFO</level>
  <class>Computador</class>
  <method>respond</method>
  <thread>19</thread>
  <message>mensaje entrante: 7:Viajero@53393398</message>
</record>
<record>
  <date>2020-03-30T17:05:25.313719Z</date>
  <millis>1585587925313</millis>
  <nanos>719000</nanos>
  <sequence>85</sequence>
  <logger>Computador4321</logger>
  <level>INFO</level>
  <class>Computador</class>
  <method>respond</method>
  <thread>19</thread>
  <message>mensaje entrante: 7:Viajero@4b4767d5</message>
</record>
<record>
  <date>2020-03-30T17:05:27.388700Z</date>
  <millis>1585587927388</millis>
  <nanos>700000</nanos>
  <sequence>92</sequence>
  <logger>Computador4321</logger>
  <level>INFO</level>
  <class>Computador</class>
  <method>imprimir</method>
  <thread>1</thread>
  <message>4321 -&gt; colombia : 1992, chile : 3006,  ( total : 4998 )</message>
</record>
<record>
  <date>2020-03-30T17:05:28.329758Z</date>
  <millis>1585587928329</millis>
  <nanos>758000</nanos>
  <sequence>99</sequence>
  <logger>Computador4321</logger>
  <level>INFO</level>
  <class>Computador</class>
  <method>respond</method>
  <thread>19</thread>
  <message>mensaje entrante: 7:Viajero@284e84d9</message>
</record>
<record>
  <date>2020-03-30T17:05:31.344692Z</date>
  <millis>1585587931344</millis>
  <nanos>692000</nanos>
  <sequence>118</sequence>
  <logger>Computador4321</logger>
  <level>INFO</level>
  <class>Computador</class>
  <method>respond</method>
  <thread>19</thread>
  <message>mensaje entrante: 7:Viajero@5db8ff0f</message>
</record>
<record>
  <date>2020-03-30T17:05:31.351782Z</date>
  <millis>1585587931351</millis>
  <nanos>782000</nanos>
  <sequence>119</sequence>
  <logger>Computador4321</logger>
  <level>INFO</level>
  <class>Computador</class>
  <method>respond</method>
  <thread>19</thread>
  <message>mensaje entrante: 7:Viajero@4707b2d3</message>
</record>
</log>
