2020-03-31 20:56:04 INFO    mensaje entrante: 5:oiga su peso
2020-03-31 20:56:05 INFO    mensaje entrante: 4:PaisEnvio@6f1524e8
2020-03-31 20:56:05 INFO    agregando pais : italia con 0 <-> 0
2020-03-31 20:56:05 INFO    8765 -> italia : 3 / 1000,  ( total : 1000 )
2020-03-31 20:56:06 INFO    mensaje entrante: 5:oiga su peso
2020-03-31 20:56:07 INFO    mensaje entrante: 4:PaisEnvio@1fccc7c9
2020-03-31 20:56:07 INFO    agregando pais : colombia con 0 <-> 0
2020-03-31 20:56:07 INFO    8765 -> italia : 3 / 1000, colombia : 3 / 2000,  ( total : 3000 )
2020-03-31 20:56:08 INFO    mensaje entrante: 5:oiga su peso
2020-03-31 20:56:11 INFO    mensaje entrante: 5:oiga su peso
2020-03-31 20:56:11 INFO    mensaje entrante: 6:20
2020-03-31 20:56:11 INFO    se agregan 20 pasos
2020-03-31 20:56:11 INFO    se agrega 20 pasos a italia
2020-03-31 20:56:11 INFO    se agrega 20 pasos a colombia
2020-03-31 20:56:12 INFO    mensaje entrante: 7:Viajero@9e047c6
2020-03-31 20:56:12 INFO    entra viajero : peru (tierra) -> colombia saludable
2020-03-31 20:56:12 INFO    mensaje entrante: 7:Viajero@3ab246c9
2020-03-31 20:56:12 INFO    entra viajero : china (aire) -> colombia saludable
2020-03-31 20:56:12 INFO    mensaje entrante: 2:valor agregado
2020-03-31 20:56:12 INFO    mensaje entrante: 2:valor agregado
2020-03-31 20:56:12 INFO    mensaje entrante: 2:valor agregado
2020-03-31 20:56:12 INFO    mensaje entrante: 7:Viajero@142f53c6
2020-03-31 20:56:13 INFO    mensaje entrante: 7:Viajero@694c0099
2020-03-31 20:56:13 INFO    entra viajero : peru (tierra) -> colombia saludable
2020-03-31 20:56:13 INFO    mensaje entrante: 7:Viajero@68d9f561
2020-03-31 20:56:13 INFO    mensaje entrante: 7:Viajero@11217dc5
2020-03-31 20:56:13 INFO    mensaje entrante: 2:valor agregado
2020-03-31 20:56:13 INFO    mensaje entrante: 2:valor agregado
2020-03-31 20:56:13 INFO    mensaje entrante: 7:Viajero@407562bd
2020-03-31 20:56:13 INFO    entra viajero : chile (aire) -> colombia saludable
2020-03-31 20:56:14 INFO    mensaje entrante: 7:Viajero@8da25e0
2020-03-31 20:56:14 INFO    entra viajero : peru (tierra) -> colombia saludable
2020-03-31 20:56:15 INFO    mensaje entrante: 2:valor agregado
2020-03-31 20:56:15 INFO    mensaje entrante: 2:valor agregado
2020-03-31 20:56:17 INFO    mensaje entrante: 2:valor agregado
2020-03-31 20:56:17 INFO    mensaje entrante: 2:valor agregado
2020-03-31 20:56:17 INFO    mensaje entrante: 7:Viajero@2bbfcbe3
2020-03-31 20:56:18 INFO    mensaje entrante: 7:Viajero@78db1e1f
2020-03-31 20:56:18 INFO    entra viajero : peru (tierra) -> colombia saludable
2020-03-31 20:56:18 INFO    mensaje entrante: 2:valor agregado
2020-03-31 20:56:19 INFO    mensaje entrante: 7:Viajero@3b225710
2020-03-31 20:56:19 INFO    entra viajero : peru (tierra) -> colombia saludable
2020-03-31 20:56:19 INFO    mensaje entrante: 2:valor agregado
2020-03-31 20:56:19 INFO    mensaje entrante: 2:valor agregado
2020-03-31 20:56:24 INFO    mensaje entrante: 2:valor agregado
2020-03-31 20:56:24 INFO    mensaje entrante: 7:Viajero@cea5108
2020-03-31 20:56:24 INFO    entra viajero : chile (aire) -> colombia saludable
2020-03-31 20:56:25 INFO    mensaje entrante: 7:Viajero@22cb1865
2020-03-31 20:56:25 INFO    mensaje entrante: 2:valor agregado
2020-03-31 20:56:26 INFO    mensaje entrante: 2:valor agregado
2020-03-31 20:56:27 INFO    mensaje entrante: 7:Viajero@777e3f0c
2020-03-31 20:56:27 INFO    mensaje entrante: 7:Viajero@29c252fa
2020-03-31 20:56:27 INFO    entra viajero : chile (aire) -> colombia saludable
2020-03-31 20:56:28 INFO    mensaje entrante: 7:Viajero@396e79fc
2020-03-31 20:56:28 INFO    entra viajero : chile (aire) -> colombia saludable
2020-03-31 20:56:28 INFO    mensaje entrante: 2:valor agregado
2020-03-31 20:56:30 INFO    mensaje entrante: 7:Viajero@4807707
2020-03-31 20:56:30 INFO    entra viajero : chile (aire) -> colombia saludable
2020-03-31 20:56:31 INFO    mensaje entrante: 7:Viajero@6f18901f
2020-03-31 20:57:01 INFO    8765 -> italia : 0 / 983, colombia : 0 / 2004,  ( total : 2987 )
