<?xml version="1.0" encoding="UTF-8" standalone="no"?>
<!DOCTYPE log SYSTEM "logger.dtd">
<log>
<record>
  <date>2020-03-30T17:05:13.151124Z</date>
  <millis>1585587913151</millis>
  <nanos>124000</nanos>
  <sequence>14</sequence>
  <logger>Paisperu</logger>
  <level>INFO</level>
  <class>Pais</class>
  <method>run</method>
  <thread>16</thread>
  <message>pasa un dia : peru : (0/5000) quedan 20 dias</message>
</record>
<record>
  <date>2020-03-30T17:05:14.158486Z</date>
  <millis>1585587914158</millis>
  <nanos>486000</nanos>
  <sequence>17</sequence>
  <logger>Paisperu</logger>
  <level>INFO</level>
  <class>Pais</class>
  <method>run</method>
  <thread>16</thread>
  <message>pasa un dia : peru : (0/5000) quedan 19 dias</message>
</record>
<record>
  <date>2020-03-30T17:05:14.168996Z</date>
  <millis>1585587914168</millis>
  <nanos>996000</nanos>
  <sequence>18</sequence>
  <logger>Paisperu</logger>
  <level>INFO</level>
  <class>Pais</class>
  <method>viaje</method>
  <thread>16</thread>
  <message>persona viaja a: colombia</message>
</record>
<record>
  <date>2020-03-30T17:05:14.192542Z</date>
  <millis>1585587914192</millis>
  <nanos>542000</nanos>
  <sequence>19</sequence>
  <logger>Paisperu</logger>
  <level>INFO</level>
  <class>Pais</class>
  <method>viaje</method>
  <thread>16</thread>
  <message>persona viaja a: chile</message>
</record>
<record>
  <date>2020-03-30T17:05:15.198068Z</date>
  <millis>1585587915198</millis>
  <nanos>68000</nanos>
  <sequence>26</sequence>
  <logger>Paisperu</logger>
  <level>INFO</level>
  <class>Pais</class>
  <method>run</method>
  <thread>16</thread>
  <message>pasa un dia : peru : (0/4998) quedan 18 dias</message>
</record>
<record>
  <date>2020-03-30T17:05:15.203277Z</date>
  <millis>1585587915203</millis>
  <nanos>277000</nanos>
  <sequence>27</sequence>
  <logger>Paisperu</logger>
  <level>INFO</level>
  <class>Pais</class>
  <method>viaje</method>
  <thread>16</thread>
  <message>persona viaja a: chile</message>
</record>
<record>
  <date>2020-03-30T17:05:16.209625Z</date>
  <millis>1585587916209</millis>
  <nanos>625000</nanos>
  <sequence>35</sequence>
  <logger>Paisperu</logger>
  <level>INFO</level>
  <class>Pais</class>
  <method>run</method>
  <thread>16</thread>
  <message>pasa un dia : peru : (0/4997) quedan 17 dias</message>
</record>
<record>
  <date>2020-03-30T17:05:16.213038Z</date>
  <millis>1585587916213</millis>
  <nanos>38000</nanos>
  <sequence>36</sequence>
  <logger>Paisperu</logger>
  <level>INFO</level>
  <class>Pais</class>
  <method>viaje</method>
  <thread>16</thread>
  <message>persona viaja a: colombia</message>
</record>
<record>
  <date>2020-03-30T17:05:16.218515Z</date>
  <millis>1585587916218</millis>
  <nanos>515000</nanos>
  <sequence>37</sequence>
  <logger>Paisperu</logger>
  <level>INFO</level>
  <class>Pais</class>
  <method>viaje</method>
  <thread>16</thread>
  <message>persona viaja a: chile</message>
</record>
<record>
  <date>2020-03-30T17:05:17.224307Z</date>
  <millis>1585587917224</millis>
  <nanos>307000</nanos>
  <sequence>42</sequence>
  <logger>Paisperu</logger>
  <level>INFO</level>
  <class>Pais</class>
  <method>run</method>
  <thread>16</thread>
  <message>pasa un dia : peru : (0/4995) quedan 16 dias</message>
</record>
<record>
  <date>2020-03-30T17:05:18.228923Z</date>
  <millis>1585587918228</millis>
  <nanos>923000</nanos>
  <sequence>44</sequence>
  <logger>Paisperu</logger>
  <level>INFO</level>
  <class>Pais</class>
  <method>run</method>
  <thread>16</thread>
  <message>pasa un dia : peru : (0/4995) quedan 15 dias</message>
</record>
<record>
  <date>2020-03-30T17:05:19.233040Z</date>
  <millis>1585587919233</millis>
  <nanos>40000</nanos>
  <sequence>48</sequence>
  <logger>Paisperu</logger>
  <level>INFO</level>
  <class>Pais</class>
  <method>run</method>
  <thread>16</thread>
  <message>pasa un dia : peru : (0/4995) quedan 14 dias</message>
</record>
<record>
  <date>2020-03-30T17:05:19.236417Z</date>
  <millis>1585587919236</millis>
  <nanos>417000</nanos>
  <sequence>49</sequence>
  <logger>Paisperu</logger>
  <level>INFO</level>
  <class>Pais</class>
  <method>viaje</method>
  <thread>16</thread>
  <message>persona viaja a: colombia</message>
</record>
<record>
  <date>2020-03-30T17:05:20.247049Z</date>
  <millis>1585587920247</millis>
  <nanos>49000</nanos>
  <sequence>52</sequence>
  <logger>Paisperu</logger>
  <level>INFO</level>
  <class>Pais</class>
  <method>run</method>
  <thread>16</thread>
  <message>pasa un dia : peru : (0/4994) quedan 13 dias</message>
</record>
<record>
  <date>2020-03-30T17:05:20.251128Z</date>
  <millis>1585587920251</millis>
  <nanos>128000</nanos>
  <sequence>53</sequence>
  <logger>Paisperu</logger>
  <level>INFO</level>
  <class>Pais</class>
  <method>viaje</method>
  <thread>16</thread>
  <message>persona viaja a: chile</message>
</record>
<record>
  <date>2020-03-30T17:05:21.256229Z</date>
  <millis>1585587921256</millis>
  <nanos>229000</nanos>
  <sequence>59</sequence>
  <logger>Paisperu</logger>
  <level>INFO</level>
  <class>Pais</class>
  <method>run</method>
  <thread>16</thread>
  <message>pasa un dia : peru : (0/4993) quedan 12 dias</message>
</record>
<record>
  <date>2020-03-30T17:05:21.259532Z</date>
  <millis>1585587921259</millis>
  <nanos>532000</nanos>
  <sequence>60</sequence>
  <logger>Paisperu</logger>
  <level>INFO</level>
  <class>Pais</class>
  <method>viaje</method>
  <thread>16</thread>
  <message>persona viaja a: colombia</message>
</record>
<record>
  <date>2020-03-30T17:05:21.265118Z</date>
  <millis>1585587921265</millis>
  <nanos>118000</nanos>
  <sequence>61</sequence>
  <logger>Paisperu</logger>
  <level>INFO</level>
  <class>Pais</class>
  <method>viaje</method>
  <thread>16</thread>
  <message>persona viaja a: chile</message>
</record>
<record>
  <date>2020-03-30T17:05:22.270389Z</date>
  <millis>1585587922270</millis>
  <nanos>389000</nanos>
  <sequence>68</sequence>
  <logger>Paisperu</logger>
  <level>INFO</level>
  <class>Pais</class>
  <method>run</method>
  <thread>16</thread>
  <message>pasa un dia : peru : (0/4991) quedan 11 dias</message>
</record>
<record>
  <date>2020-03-30T17:05:23.277459Z</date>
  <millis>1585587923277</millis>
  <nanos>459000</nanos>
  <sequence>72</sequence>
  <logger>Paisperu</logger>
  <level>INFO</level>
  <class>Pais</class>
  <method>run</method>
  <thread>16</thread>
  <message>pasa un dia : peru : (0/4991) quedan 10 dias</message>
</record>
<record>
  <date>2020-03-30T17:05:23.280779Z</date>
  <millis>1585587923280</millis>
  <nanos>779000</nanos>
  <sequence>73</sequence>
  <logger>Paisperu</logger>
  <level>INFO</level>
  <class>Pais</class>
  <method>viaje</method>
  <thread>16</thread>
  <message>persona viaja a: colombia</message>
</record>
<record>
  <date>2020-03-30T17:05:23.285434Z</date>
  <millis>1585587923285</millis>
  <nanos>434000</nanos>
  <sequence>74</sequence>
  <logger>Paisperu</logger>
  <level>INFO</level>
  <class>Pais</class>
  <method>viaje</method>
  <thread>16</thread>
  <message>persona viaja a: chile</message>
</record>
<record>
  <date>2020-03-30T17:05:24.294913Z</date>
  <millis>1585587924294</millis>
  <nanos>913000</nanos>
  <sequence>79</sequence>
  <logger>Paisperu</logger>
  <level>INFO</level>
  <class>Pais</class>
  <method>run</method>
  <thread>16</thread>
  <message>pasa un dia : peru : (0/4989) quedan 9 dias</message>
</record>
<record>
  <date>2020-03-30T17:05:24.299098Z</date>
  <millis>1585587924299</millis>
  <nanos>98000</nanos>
  <sequence>80</sequence>
  <logger>Paisperu</logger>
  <level>INFO</level>
  <class>Pais</class>
  <method>viaje</method>
  <thread>16</thread>
  <message>persona viaja a: colombia</message>
</record>
<record>
  <date>2020-03-30T17:05:25.304377Z</date>
  <millis>1585587925304</millis>
  <nanos>377000</nanos>
  <sequence>83</sequence>
  <logger>Paisperu</logger>
  <level>INFO</level>
  <class>Pais</class>
  <method>run</method>
  <thread>16</thread>
  <message>pasa un dia : peru : (0/4988) quedan 8 dias</message>
</record>
<record>
  <date>2020-03-30T17:05:25.307630Z</date>
  <millis>1585587925307</millis>
  <nanos>630000</nanos>
  <sequence>84</sequence>
  <logger>Paisperu</logger>
  <level>INFO</level>
  <class>Pais</class>
  <method>viaje</method>
  <thread>16</thread>
  <message>persona viaja a: colombia</message>
</record>
<record>
  <date>2020-03-30T17:05:26.313537Z</date>
  <millis>1585587926313</millis>
  <nanos>537000</nanos>
  <sequence>87</sequence>
  <logger>Paisperu</logger>
  <level>INFO</level>
  <class>Pais</class>
  <method>run</method>
  <thread>16</thread>
  <message>pasa un dia : peru : (0/4987) quedan 7 dias</message>
</record>
<record>
  <date>2020-03-30T17:05:27.316647Z</date>
  <millis>1585587927316</millis>
  <nanos>647000</nanos>
  <sequence>91</sequence>
  <logger>Paisperu</logger>
  <level>INFO</level>
  <class>Pais</class>
  <method>run</method>
  <thread>16</thread>
  <message>pasa un dia : peru : (0/4987) quedan 6 dias</message>
</record>
<record>
  <date>2020-03-30T17:05:28.320457Z</date>
  <millis>1585587928320</millis>
  <nanos>457000</nanos>
  <sequence>97</sequence>
  <logger>Paisperu</logger>
  <level>INFO</level>
  <class>Pais</class>
  <method>run</method>
  <thread>16</thread>
  <message>pasa un dia : peru : (0/4987) quedan 5 dias</message>
</record>
<record>
  <date>2020-03-30T17:05:28.322980Z</date>
  <millis>1585587928322</millis>
  <nanos>980000</nanos>
  <sequence>98</sequence>
  <logger>Paisperu</logger>
  <level>INFO</level>
  <class>Pais</class>
  <method>viaje</method>
  <thread>16</thread>
  <message>persona viaja a: colombia</message>
</record>
<record>
  <date>2020-03-30T17:05:29.332170Z</date>
  <millis>1585587929332</millis>
  <nanos>170000</nanos>
  <sequence>105</sequence>
  <logger>Paisperu</logger>
  <level>INFO</level>
  <class>Pais</class>
  <method>run</method>
  <thread>16</thread>
  <message>pasa un dia : peru : (0/4986) quedan 4 dias</message>
</record>
<record>
  <date>2020-03-30T17:05:30.335307Z</date>
  <millis>1585587930335</millis>
  <nanos>307000</nanos>
  <sequence>111</sequence>
  <logger>Paisperu</logger>
  <level>INFO</level>
  <class>Pais</class>
  <method>run</method>
  <thread>16</thread>
  <message>pasa un dia : peru : (0/4986) quedan 3 dias</message>
</record>
<record>
  <date>2020-03-30T17:05:31.338755Z</date>
  <millis>1585587931338</millis>
  <nanos>755000</nanos>
  <sequence>115</sequence>
  <logger>Paisperu</logger>
  <level>INFO</level>
  <class>Pais</class>
  <method>run</method>
  <thread>16</thread>
  <message>pasa un dia : peru : (0/4986) quedan 2 dias</message>
</record>
<record>
  <date>2020-03-30T17:05:31.340981Z</date>
  <millis>1585587931340</millis>
  <nanos>981000</nanos>
  <sequence>116</sequence>
  <logger>Paisperu</logger>
  <level>INFO</level>
  <class>Pais</class>
  <method>viaje</method>
  <thread>16</thread>
  <message>persona viaja a: colombia</message>
</record>
<record>
  <date>2020-03-30T17:05:31.344334Z</date>
  <millis>1585587931344</millis>
  <nanos>334000</nanos>
  <sequence>117</sequence>
  <logger>Paisperu</logger>
  <level>INFO</level>
  <class>Pais</class>
  <method>viaje</method>
  <thread>16</thread>
  <message>persona viaja a: chile</message>
</record>
<record>
  <date>2020-03-30T17:05:32.348458Z</date>
  <millis>1585587932348</millis>
  <nanos>458000</nanos>
  <sequence>124</sequence>
  <logger>Paisperu</logger>
  <level>INFO</level>
  <class>Pais</class>
  <method>run</method>
  <thread>16</thread>
  <message>pasa un dia : peru : (0/4984) quedan 1 dias</message>
</record>
</log>
