2020-03-31 20:56:02 INFO    iniciando : china con 0 pasos
2020-03-31 20:56:03 INFO    detenido
2020-03-31 20:56:03 INFO    iniciando : china con 0 pasos
2020-03-31 20:56:11 INFO    agegando 20 pasos
2020-03-31 20:56:12 INFO    infectados a 0
2020-03-31 20:56:12 INFO    nuevo viajero : china (aire) -> colombia saludable
2020-03-31 20:56:12 INFO    pasa un dia : china : (0/3999) quedan 19 dias
2020-03-31 20:56:13 INFO    infectados a 0
2020-03-31 20:56:13 INFO    nuevo viajero : china (aire) -> peru saludable
2020-03-31 20:56:13 INFO    pasa un dia : china : (0/3998) quedan 18 dias
2020-03-31 20:56:14 INFO    infectados a 0
2020-03-31 20:56:14 INFO    pasa un dia : china : (0/3998) quedan 17 dias
2020-03-31 20:56:15 INFO    infectados a 0
2020-03-31 20:56:15 INFO    pasa un dia : china : (0/3998) quedan 16 dias
2020-03-31 20:56:16 INFO    infectados a 0
2020-03-31 20:56:16 INFO    pasa un dia : china : (0/3998) quedan 15 dias
2020-03-31 20:56:17 INFO    infectados a 0
2020-03-31 20:56:17 INFO    pasa un dia : china : (0/3998) quedan 14 dias
2020-03-31 20:56:18 INFO    infectados a 0
2020-03-31 20:56:18 INFO    pasa un dia : china : (0/3998) quedan 13 dias
2020-03-31 20:56:19 INFO    infectados a 0
2020-03-31 20:56:19 INFO    pasa un dia : china : (0/3998) quedan 12 dias
2020-03-31 20:56:20 INFO    infectados a 0
2020-03-31 20:56:20 INFO    pasa un dia : china : (0/3998) quedan 11 dias
2020-03-31 20:56:21 INFO    infectados a 0
2020-03-31 20:56:21 INFO    pasa un dia : china : (0/3998) quedan 10 dias
2020-03-31 20:56:22 INFO    infectados a 0
2020-03-31 20:56:22 INFO    pasa un dia : china : (0/3998) quedan 9 dias
2020-03-31 20:56:23 INFO    infectados a 0
2020-03-31 20:56:23 INFO    pasa un dia : china : (0/3998) quedan 8 dias
2020-03-31 20:56:24 INFO    infectados a 0
2020-03-31 20:56:24 INFO    pasa un dia : china : (0/3998) quedan 7 dias
2020-03-31 20:56:25 INFO    infectados a 0
2020-03-31 20:56:25 INFO    nuevo viajero : china (aire) -> peru saludable
2020-03-31 20:56:25 INFO    pasa un dia : china : (0/3997) quedan 6 dias
2020-03-31 20:56:26 INFO    infectados a 0
2020-03-31 20:56:26 INFO    pasa un dia : china : (0/3997) quedan 5 dias
2020-03-31 20:56:27 INFO    infectados a 0
2020-03-31 20:56:27 INFO    nuevo viajero : china (aire) -> peru saludable
2020-03-31 20:56:27 INFO    pasa un dia : china : (0/3996) quedan 4 dias
2020-03-31 20:56:28 INFO    infectados a 0
2020-03-31 20:56:28 INFO    pasa un dia : china : (0/3996) quedan 3 dias
2020-03-31 20:56:29 INFO    infectados a 0
2020-03-31 20:56:29 INFO    pasa un dia : china : (0/3996) quedan 2 dias
2020-03-31 20:56:30 INFO    infectados a 0
2020-03-31 20:56:30 INFO    pasa un dia : china : (0/3996) quedan 1 dias
2020-03-31 20:56:31 INFO    infectados a 0
2020-03-31 20:56:31 INFO    nuevo viajero : china (aire) -> peru saludable
2020-03-31 20:56:31 INFO    pasa un dia : china : (0/3995) quedan 0 dias
